<?xml version="1.0" encoding="UTF-8"?>
<!-- Generated by org.testng.reporters.JUnitReportReporter -->
<testsuite hostname="Avinash" failures="0" tests="1" name="TwitterUserLookUp.UserLookUpByName" time="3.634" errors="0" timestamp="2020-10-27T13:36:25 IST" skipped="0">
  <testcase classname="TwitterUserLookUp.UserLookUpByName" name="userByName" time="3.634"/>
  <system-out/>
</testsuite> <!-- TwitterUserLookUp.UserLookUpByName -->
