<?xml version="1.0" encoding="UTF-8"?>
<!-- Generated by org.testng.reporters.JUnitReportReporter -->
<testsuite hostname="Avinash" failures="0" tests="1" name="Twitter.PostTweet" time="2.960" errors="0" timestamp="2020-10-27T12:47:58 IST" skipped="0">
  <testcase classname="Twitter.PostTweet" name="postTweet" time="2.960"/>
  <system-out/>
</testsuite> <!-- Twitter.PostTweet -->
