<?xml version="1.0" encoding="UTF-8"?>
<!-- Generated by org.testng.reporters.JUnitReportReporter -->
<testsuite hostname="Avinash" failures="0" tests="1" name="Twitter.DeleteTweet" time="5.424" errors="0" timestamp="2020-10-27T12:41:35 IST" skipped="0">
  <testcase classname="Twitter.DeleteTweet" name="destroyTweet" time="5.424"/>
  <system-out/>
</testsuite> <!-- Twitter.DeleteTweet -->
