<?xml version="1.0" encoding="UTF-8"?>
<!-- Generated by org.testng.reporters.JUnitReportReporter -->
<testsuite hostname="Avinash" failures="0" tests="1" name="TwitterGetMethods.GetTweetsLookup" time="3.186" errors="0" timestamp="2020-10-27T13:21:33 IST" skipped="0">
  <testcase classname="TwitterGetMethods.GetTweetsLookup" name="tweetsLookup" time="3.186"/>
  <system-out/>
</testsuite> <!-- TwitterGetMethods.GetTweetsLookup -->
