<?xml version="1.0" encoding="UTF-8"?>
<!-- Generated by org.testng.reporters.JUnitReportReporter -->
<testsuite hostname="Avinash" failures="0" tests="1" name="TwitterGetMethods.GetTweetsById" time="4.051" errors="0" timestamp="2020-10-27T13:18:24 IST" skipped="0">
  <testcase classname="TwitterGetMethods.GetTweetsById" name="getTweetsById" time="4.051"/>
  <system-out/>
</testsuite> <!-- TwitterGetMethods.GetTweetsById -->
