<?xml version="1.0" encoding="UTF-8"?>
<!-- Generated by org.testng.reporters.JUnitReportReporter -->
<testsuite hostname="Avinash" failures="0" tests="1" name="Twitter.LikeTweet" time="4.253" errors="0" timestamp="2020-10-27T13:02:50 IST" skipped="0">
  <testcase classname="Twitter.LikeTweet" name="likeTweet" time="4.253"/>
  <system-out/>
</testsuite> <!-- Twitter.LikeTweet -->
