<?xml version="1.0" encoding="UTF-8"?>
<!-- Generated by org.testng.reporters.JUnitReportReporter -->
<testsuite hostname="Avinash" failures="0" tests="1" name="Twitter.PostRetweet" time="5.189" errors="0" timestamp="2020-10-27T12:52:36 IST" skipped="0">
  <testcase classname="Twitter.PostRetweet" name="postRetweet" time="5.189"/>
  <system-out/>
</testsuite> <!-- Twitter.PostRetweet -->
