<?xml version="1.0" encoding="UTF-8"?>
<!-- Generated by org.testng.reporters.JUnitReportReporter -->
<testsuite hostname="Avinash" failures="0" tests="1" name="TwitterUserLookUp.UserLookUpById" time="3.162" errors="0" timestamp="2020-10-27T13:33:27 IST" skipped="0">
  <testcase classname="TwitterUserLookUp.UserLookUpById" name="userByID" time="3.162"/>
  <system-out/>
</testsuite> <!-- TwitterUserLookUp.UserLookUpById -->
