<?xml version="1.0" encoding="UTF-8"?>
<!-- Generated by org.testng.reporters.JUnitReportReporter -->
<testsuite hostname="Avinash" failures="0" tests="1" name="TwitterGetMethods.GetLikedTweets" time="3.614" errors="0" timestamp="2020-10-27T13:12:32 IST" skipped="0">
  <testcase classname="TwitterGetMethods.GetLikedTweets" name="getLikedTweets" time="3.614"/>
  <system-out/>
</testsuite> <!-- TwitterGetMethods.GetLikedTweets -->
