<?xml version="1.0" encoding="UTF-8"?>
<!-- Generated by org.testng.reporters.JUnitReportReporter -->
<testsuite hostname="Avinash" failures="0" tests="1" name="TwitterUserLookUp.UserFriendsList" time="4.432" errors="0" timestamp="2020-10-27T13:43:13 IST" skipped="0">
  <testcase classname="TwitterUserLookUp.UserFriendsList" name="friendsList" time="4.432"/>
  <system-out/>
</testsuite> <!-- TwitterUserLookUp.UserFriendsList -->
