<?xml version="1.0" encoding="UTF-8"?>
<!-- Generated by org.testng.reporters.JUnitReportReporter -->
<testsuite hostname="Avinash" failures="0" tests="1" name="TwitterGetMethods.GetStatusOfMyRetweets" time="3.901" errors="0" timestamp="2020-10-27T13:25:14 IST" skipped="0">
  <testcase classname="TwitterGetMethods.GetStatusOfMyRetweets" name="myRetweets" time="3.901"/>
  <system-out/>
</testsuite> <!-- TwitterGetMethods.GetStatusOfMyRetweets -->
